<?xml version="1.0" encoding="UTF-8"?>
<!-- Generated by org.testng.reporters.JUnitXMLReporter -->
<testsuite hostname="DESKTOP-59AEVU6" ignored="0" name="Default test" tests="4" failures="0" timestamp="24 May 2020 09:13:14 GMT" time="157.6" errors="0">
  <testcase name="entryemailTest" time="0.391" classname="com.crm.qa.testcases.SignUpPageTest"/>
  <testcase name="entryephoneTest" time="0.773" classname="com.crm.qa.testcases.SignUpPageTest"/>
  <testcase name="clickcheckboxTest" time="0.239" classname="com.crm.qa.testcases.SignUpPageTest"/>
  <testcase name="clicksignupTest" time="1.148" classname="com.crm.qa.testcases.SignUpPageTest"/>
</testsuite> <!-- Default test -->
